<?xml version="1.0" encoding="UTF-8"?>
<!-- Generated by org.testng.reporters.JUnitXMLReporter -->
<testsuite ignored="6" hostname="QT-INBG-LT0743" failures="1" tests="1" name="Test" time="14.044" errors="0" timestamp="2022-10-18T12:20:41 IST">
  <testcase classname="Qualitest.Mobile.HomePage" name="appletest" time="13.499">
    <failure type="java.lang.NullPointerException">
      <![CDATA[java.lang.NullPointerException
at Qualitest.Mobile.HomePage.appletest(HomePage.java:161)
at java.base/java.util.ArrayList.forEach(ArrayList.java:1541)
... Removed 27 stack frames]]>
    </failure>
  </testcase> <!-- appletest -->
  <testcase classname="Qualitest.Mobile.HomePage" name="lenovoTest" time="0.0">
    <ignored/>
  </testcase> <!-- lenovoTest -->
  <testcase classname="Qualitest.Mobile.HomePage" name="ogHome" time="0.0">
    <ignored/>
  </testcase> <!-- ogHome -->
  <testcase classname="Qualitest.Mobile.HomePage" name="appleIphone13MDdefect" time="0.0">
    <ignored/>
  </testcase> <!-- appleIphone13MDdefect -->
  <testcase classname="Qualitest.Mobile.HomePage" name="lenovoDropDowndefect" time="0.0">
    <ignored/>
  </testcase> <!-- lenovoDropDowndefect -->
  <testcase classname="Qualitest.Mobile.HomePage" name="homePageNew" time="0.0">
    <ignored/>
  </testcase> <!-- homePageNew -->
  <testcase classname="Qualitest.Mobile.HomePage" name="defect" time="0.0">
    <ignored/>
  </testcase> <!-- defect -->
</testsuite> <!-- Test -->
